2025-03-23 02:16:43 [main] INFO  Game - Игра создана
2025-03-23 02:16:43 [main] INFO  Game - Игра началась
2025-03-23 02:16:46 [main] WARN  Player - Попытка выхода за границы карты x:-1 y:0
2025-03-23 02:17:04 [main] ERROR Player - Неверный ввод при закупке ввод:6
2025-03-23 02:17:23 [main] WARN  Player - Попытка выхода за границы карты при помощи крыльев x:100 y:100
2025-03-23 02:17:31 [main] ERROR Player - Попытка полететь на скалу
2025-03-23 02:17:55 [main] INFO  Game - Игра завершилась, победил игрок
2025-03-30 16:11:14 [main] INFO  Game - Игра создана
2025-03-30 16:15:00 [main] INFO  Game - Игра началась
2025-03-30 16:16:12 [main] INFO  Game - Игра создана
2025-03-30 16:16:32 [main] INFO  Game - Игра началась
2025-03-30 16:16:54 [main] INFO  Game - Игра завершилась, победил компьютер
2025-03-31 01:18:39 [main] INFO  Game - Игра создана
2025-03-31 01:18:54 [main] WARN  Player - Попытка выхода за границы карты x:-1 y:0
2025-03-31 01:18:54 [main] WARN  Player - Попытка выхода за границы карты x:0 y:-1
2025-03-31 01:18:58 [main] INFO  Game - Игра создана
2025-03-31 01:30:04 [main] INFO  Game - Игра создана
2025-03-31 01:30:04 [main] INFO  Game - Игра создана
2025-03-31 01:30:04 [main] INFO  Game - Игра создана
2025-04-05 08:49:33 [main] INFO  Game - Игра создана
2025-04-05 08:49:33 [main] INFO  Game - Игра создана
2025-04-05 08:49:33 [main] INFO  Game - Игра создана
2025-04-05 08:49:33 [main] INFO  Player - Началась битва
2025-04-05 08:51:31 [main] INFO  Game - Игра создана
2025-04-05 08:51:55 [main] INFO  Game - Игра началась
2025-04-05 08:52:23 [main] INFO  Game - Игра завершилась, победил компьютер
2025-04-05 09:25:23 [main] INFO  Game - Игра создана
2025-04-05 09:38:18 [main] INFO  Game - Игра создана
2025-04-05 09:38:25 [main] INFO  Game - Игра началась
2025-04-05 09:44:47 [main] INFO  Game - Игра создана
2025-04-05 09:44:57 [main] INFO  Game - Игра началась
2025-04-05 10:13:56 [main] INFO  Game - Игра создана
2025-04-05 10:14:09 [main] INFO  Game - Игра началась
2025-04-05 10:22:17 [main] INFO  Game - Игра создана
2025-04-05 10:22:30 [main] ERROR Game - Ошибка при загрузке карты map:fuleName, player:player
2025-04-05 10:22:53 [main] INFO  Game - Игра началась
2025-04-05 10:28:36 [main] INFO  Game - Игра создана
2025-04-05 10:29:01 [main] INFO  Game - Игра создана
2025-04-05 10:30:46 [main] INFO  Game - Игра создана
2025-04-05 10:30:53 [main] INFO  Game - Игра началась
2025-04-05 10:31:39 [main] INFO  Game - Игра началась
2025-04-05 10:34:05 [main] INFO  Game - Игра началась
2025-04-05 10:35:28 [main] INFO  Game - Игра началась
2025-04-05 10:40:29 [main] INFO  Game - Игра началась
2025-04-05 10:42:25 [main] INFO  Game - Игра началась
2025-04-05 10:43:08 [main] INFO  Game - Игра завершилась, победил игрок
2025-04-05 10:43:39 [main] INFO  Game - Игра началась
2025-04-05 10:44:20 [main] INFO  Game - Игра завершилась, победил игрок
2025-04-05 10:44:44 [main] INFO  Game - Игра началась
2025-04-05 10:46:35 [main] INFO  Game - Игра завершилась, победил компьютер
2025-04-05 10:47:05 [main] INFO  Game - Игра началась
2025-04-05 10:48:09 [main] INFO  Game - Игра завершилась, победил компьютер
2025-04-05 10:49:13 [main] INFO  Player - Началась битва
2025-04-05 11:08:40 [main] INFO  Player - Началась битва
2025-04-05 11:15:28 [main] WARN  Player - Попытка выхода за границы карты x:-1 y:0
2025-04-05 11:15:28 [main] WARN  Player - Попытка выхода за границы карты x:0 y:-1
2025-04-05 11:15:54 [main] WARN  Player - Попытка выхода за границы карты x:-1 y:0
2025-04-05 11:15:54 [main] WARN  Player - Попытка выхода за границы карты x:0 y:-1
2025-04-05 11:16:23 [main] WARN  Player - Попытка выхода за границы карты x:-1 y:0
2025-04-05 11:16:23 [main] WARN  Player - Попытка выхода за границы карты x:0 y:-1
2025-04-05 11:17:04 [main] WARN  Player - Попытка выхода за границы карты x:-1 y:0
2025-04-05 11:17:04 [main] WARN  Player - Попытка выхода за границы карты x:0 y:-1
2025-04-05 11:17:25 [main] WARN  Player - Попытка выхода за границы карты x:-1 y:0
2025-04-05 11:17:25 [main] WARN  Player - Попытка выхода за границы карты x:0 y:-1
2025-04-05 11:22:00 [main] INFO  Game - Игра началась
2025-04-05 11:22:00 [main] INFO  Game - Игра завершилась, победил игрок
2025-04-05 11:22:46 [main] INFO  Game - Игра началась
2025-04-05 11:22:47 [main] INFO  Game - Игра завершилась, победил игрок
2025-04-05 11:23:19 [main] INFO  Game - Игра началась
2025-04-05 11:23:41 [main] INFO  Game - Игра началась
2025-04-05 11:23:47 [main] INFO  Game - Игра началась
2025-04-05 11:23:51 [main] INFO  Game - Игра началась
2025-04-05 11:23:57 [main] INFO  Game - Игра началась
2025-04-05 11:24:03 [main] INFO  Game - Игра началась
2025-04-05 11:24:13 [main] INFO  Game - Игра началась
2025-04-05 11:24:13 [main] INFO  Game - Игра завершилась, победил компьютер
2025-04-05 11:24:19 [main] INFO  Game - Игра началась
2025-04-05 11:24:22 [main] INFO  Game - Игра началась
2025-04-05 11:24:25 [main] INFO  Game - Игра началась
2025-04-05 11:24:25 [main] INFO  Game - Игра завершилась, победил компьютер
2025-04-05 11:25:09 [main] INFO  Game - Игра началась
2025-04-05 11:25:09 [main] INFO  Game - Игра завершилась, ничья
2025-04-05 11:25:31 [main] WARN  Player - Попытка выхода за границы карты x:-1 y:0
2025-04-05 11:25:31 [main] WARN  Player - Попытка выхода за границы карты x:0 y:-1
2025-04-05 11:25:32 [main] INFO  Game - Игра началась
2025-04-05 11:25:32 [main] INFO  Game - Игра завершилась, ничья
2025-04-05 11:25:32 [main] INFO  Game - Игра началась
2025-04-05 11:25:32 [main] INFO  Game - Игра завершилась, победил компьютер
2025-04-05 11:25:32 [main] INFO  Game - Игра началась
2025-04-05 11:25:32 [main] INFO  Game - Игра завершилась, победил игрок
2025-04-05 11:25:42 [main] WARN  Player - Попытка выхода за границы карты x:-1 y:0
2025-04-05 11:25:42 [main] WARN  Player - Попытка выхода за границы карты x:0 y:-1
2025-04-05 11:25:42 [main] INFO  Game - Игра началась
2025-04-05 11:25:42 [main] INFO  Game - Игра завершилась, ничья
2025-04-05 11:25:42 [main] INFO  Game - Игра началась
2025-04-05 11:25:42 [main] INFO  Game - Игра завершилась, победил компьютер
2025-04-05 11:25:42 [main] INFO  Game - Игра началась
2025-04-05 11:25:42 [main] INFO  Game - Игра завершилась, победил игрок
2025-04-05 11:29:45 [main] WARN  Player - Попытка выхода за границы карты x:-1 y:0
2025-04-05 11:29:45 [main] WARN  Player - Попытка выхода за границы карты x:0 y:-1
2025-04-05 11:29:45 [main] INFO  Game - Игра началась
2025-04-05 11:29:45 [main] INFO  Game - Игра завершилась, ничья
2025-04-05 11:29:45 [main] INFO  Game - Игра началась
2025-04-05 11:29:45 [main] INFO  Game - Игра завершилась, победил компьютер
2025-04-05 11:29:45 [main] INFO  Game - Игра началась
2025-04-05 11:29:45 [main] INFO  Game - Игра завершилась, победил игрок
2025-04-05 11:31:24 [main] WARN  Player - Попытка выхода за границы карты x:-1 y:0
2025-04-05 11:31:24 [main] WARN  Player - Попытка выхода за границы карты x:0 y:-1
2025-04-05 11:31:25 [main] INFO  Game - Игра началась
2025-04-05 11:31:25 [main] INFO  Game - Игра завершилась, ничья
2025-04-05 11:31:25 [main] INFO  Game - Игра началась
2025-04-05 11:31:25 [main] INFO  Game - Игра завершилась, победил компьютер
2025-04-05 11:31:25 [main] INFO  Game - Игра началась
2025-04-05 11:31:25 [main] INFO  Game - Игра завершилась, победил игрок
2025-04-05 11:33:23 [main] WARN  Player - Попытка выхода за границы карты x:-1 y:0
2025-04-05 11:33:23 [main] WARN  Player - Попытка выхода за границы карты x:0 y:-1
2025-04-05 11:33:24 [main] INFO  Game - Игра началась
2025-04-05 11:33:24 [main] INFO  Game - Игра завершилась, ничья
2025-04-05 11:33:24 [main] INFO  Game - Игра началась
2025-04-05 11:33:24 [main] INFO  Game - Игра завершилась, победил компьютер
2025-04-05 11:33:24 [main] INFO  Game - Игра началась
2025-04-05 11:33:24 [main] INFO  Game - Игра завершилась, победил игрок
2025-04-05 11:34:16 [main] WARN  Player - Попытка выхода за границы карты x:-1 y:0
2025-04-05 11:34:16 [main] WARN  Player - Попытка выхода за границы карты x:0 y:-1
2025-04-05 11:34:16 [main] INFO  Game - Игра началась
2025-04-05 11:34:16 [main] INFO  Game - Игра завершилась, ничья
2025-04-05 11:34:16 [main] INFO  Game - Игра началась
2025-04-05 11:34:16 [main] INFO  Game - Игра завершилась, победил компьютер
2025-04-05 11:34:16 [main] INFO  Game - Игра началась
2025-04-05 11:34:16 [main] INFO  Game - Игра завершилась, победил игрок
2025-04-05 12:58:09 [main] INFO  Game - Игра создана
2025-04-05 12:58:33 [main] INFO  Game - Игра началась
2025-04-05 13:01:39 [main] INFO  Game - Игра началась
2025-04-05 13:06:12 [main] WARN  Player - Попытка выхода за границы карты x:-1 y:0
2025-04-05 13:06:12 [main] WARN  Player - Попытка выхода за границы карты x:0 y:-1
2025-04-05 13:06:12 [main] INFO  Game - Игра началась
2025-04-05 13:06:13 [main] INFO  Game - Игра завершилась, ничья
2025-04-05 13:06:13 [main] INFO  Game - Игра началась
2025-04-05 13:06:13 [main] INFO  Game - Игра завершилась, победил компьютер
2025-04-05 13:06:13 [main] INFO  Game - Игра началась
2025-04-05 13:06:13 [main] INFO  Game - Игра завершилась, победил игрок
2025-04-05 13:22:37 [main] WARN  Player - Попытка выхода за границы карты x:-1 y:0
2025-04-05 13:22:37 [main] WARN  Player - Попытка выхода за границы карты x:0 y:-1
2025-04-05 13:22:38 [main] INFO  Game - Игра началась
2025-04-05 13:22:38 [main] INFO  Game - Игра завершилась, ничья
2025-04-05 13:22:38 [main] INFO  Game - Игра началась
2025-04-05 13:22:38 [main] INFO  Game - Игра завершилась, победил компьютер
2025-04-05 13:22:38 [main] INFO  Game - Игра началась
2025-04-05 13:22:38 [main] INFO  Game - Игра завершилась, победил игрок
2025-04-05 13:33:32 [main] WARN  Player - Попытка выхода за границы карты x:-1 y:0
2025-04-05 13:33:32 [main] WARN  Player - Попытка выхода за границы карты x:0 y:-1
2025-04-05 13:33:32 [main] INFO  Game - Игра началась
2025-04-05 13:33:32 [main] INFO  Game - Игра завершилась, ничья
2025-04-05 13:33:32 [main] INFO  Game - Игра началась
2025-04-05 13:33:33 [main] INFO  Game - Игра завершилась, победил компьютер
2025-04-05 13:33:33 [main] INFO  Game - Игра началась
2025-04-05 13:33:33 [main] INFO  Game - Игра завершилась, победил игрок
2025-04-05 13:51:43 [main] WARN  Player - Попытка выхода за границы карты x:-1 y:0
2025-04-05 13:51:43 [main] WARN  Player - Попытка выхода за границы карты x:0 y:-1
2025-04-05 13:51:43 [main] INFO  Game - Игра началась
2025-04-05 13:51:44 [main] INFO  Game - Игра завершилась, ничья
2025-04-05 13:51:44 [main] INFO  Game - Игра началась
2025-04-05 13:51:44 [main] INFO  Game - Игра завершилась, победил компьютер
2025-04-05 13:51:44 [main] INFO  Game - Игра началась
2025-04-05 13:51:44 [main] INFO  Game - Игра завершилась, победил игрок
2025-04-05 13:51:45 [main] WARN  Player - Попытка выхода за границы карты x:-1 y:0
2025-04-05 13:51:45 [main] WARN  Player - Попытка выхода за границы карты x:0 y:-1
2025-04-05 13:51:46 [main] INFO  Game - Игра началась
2025-04-05 13:51:46 [main] INFO  Game - Игра завершилась, ничья
2025-04-05 13:51:46 [main] INFO  Game - Игра началась
2025-04-05 13:51:46 [main] INFO  Game - Игра завершилась, победил компьютер
2025-04-05 13:51:46 [main] INFO  Game - Игра началась
2025-04-05 13:51:46 [main] INFO  Game - Игра завершилась, победил игрок
2025-04-05 13:51:48 [main] WARN  Player - Попытка выхода за границы карты x:-1 y:0
2025-04-05 13:51:48 [main] WARN  Player - Попытка выхода за границы карты x:0 y:-1
2025-04-05 13:51:48 [main] INFO  Game - Игра началась
2025-04-05 13:51:48 [main] INFO  Game - Игра завершилась, ничья
2025-04-05 13:51:48 [main] INFO  Game - Игра началась
2025-04-05 13:51:48 [main] INFO  Game - Игра завершилась, победил компьютер
2025-04-05 13:51:48 [main] INFO  Game - Игра началась
2025-04-05 13:51:48 [main] INFO  Game - Игра завершилась, победил игрок
2025-04-05 13:51:50 [main] WARN  Player - Попытка выхода за границы карты x:-1 y:0
2025-04-05 13:51:50 [main] WARN  Player - Попытка выхода за границы карты x:0 y:-1
2025-04-05 13:51:50 [main] INFO  Game - Игра началась
2025-04-05 13:51:50 [main] INFO  Game - Игра завершилась, ничья
2025-04-05 13:51:50 [main] INFO  Game - Игра началась
2025-04-05 13:51:50 [main] INFO  Game - Игра завершилась, победил компьютер
2025-04-05 13:51:50 [main] INFO  Game - Игра началась
2025-04-05 13:51:50 [main] INFO  Game - Игра завершилась, победил игрок
2025-06-20 14:56:58 [main] INFO  Game - Игра создана
2025-06-20 15:35:24 [main] INFO  Game - Игра создана
2025-06-20 15:38:54 [main] INFO  Game - Игра создана
2025-06-20 15:39:06 [main] INFO  Game - Игра началась
2025-06-20 15:39:48 [main] INFO  Game - Игра создана
2025-06-20 15:40:33 [main] INFO  Game - Игра началась
2025-06-20 15:41:45 [main] INFO  Game - Игра создана
2025-06-20 15:41:56 [main] INFO  Game - Игра началась
2025-06-20 15:42:17 [main] INFO  Game - Сохранение игры отменено
2025-06-20 15:43:15 [main] INFO  Game - Игра сохранена под именем: test1
2025-06-20 15:43:25 [main] INFO  Game - Сохранение игры отменено
2025-06-20 15:43:29 [main] INFO  Game - Сохранение игры отменено
2025-06-20 15:43:32 [main] INFO  Game - Сохранение игры отменено
2025-06-20 15:43:34 [main] INFO  Game - Сохранение игры отменено
2025-06-20 15:43:36 [main] INFO  Game - Сохранение игры отменено
2025-06-20 15:43:38 [main] INFO  Game - Сохранение игры отменено
2025-06-20 15:43:40 [main] INFO  Game - Сохранение игры отменено
2025-06-20 15:43:42 [main] INFO  Game - Сохранение игры отменено
2025-06-20 15:43:46 [main] INFO  Game - Сохранение игры отменено
2025-06-20 15:43:48 [main] INFO  Game - Игра завершилась, победил компьютер
2025-06-20 15:44:26 [main] INFO  Game - Игра началась
2025-06-20 15:44:37 [main] INFO  Game - Игра создана
2025-06-20 15:45:29 [main] INFO  Game - Игра началась
2025-06-20 15:48:03 [main] INFO  Game - Игра создана
2025-06-20 15:58:55 [main] INFO  Game - Игра создана
2025-06-20 16:01:59 [main] INFO  Game - Игра создана
2025-06-20 16:03:17 [main] INFO  Game - Игра создана
2025-06-20 16:04:37 [main] INFO  Game - Игра создана
2025-06-20 16:05:21 [main] INFO  Game - Игра создана
2025-06-20 16:06:22 [main] INFO  Game - Игра создана
2025-06-20 16:07:12 [main] INFO  Game - Игра создана
2025-06-20 16:13:01 [main] INFO  Game - Игра создана
2025-06-20 16:14:11 [main] INFO  Game - Игра создана
2025-06-20 16:17:04 [main] INFO  Game - Игра создана
2025-06-20 16:17:18 [main] INFO  Game - Игра началась
2025-06-20 16:21:05 [main] INFO  Game - Игра создана
2025-06-20 16:21:20 [main] INFO  Game - Игра началась
2025-06-20 16:21:20 [main] ERROR Player - Ошибка ввода направления героя: null
2025-06-20 16:23:05 [main] INFO  Game - Игра создана
2025-06-20 16:23:23 [main] INFO  Game - Игра создана
2025-06-20 16:24:18 [main] INFO  Game - Игра создана
2025-06-20 16:26:41 [main] INFO  Game - Игра создана
2025-06-20 16:27:04 [main] INFO  Game - Игра началась
2025-06-20 16:27:04 [main] ERROR Player - Ошибка ввода направления героя: null
2025-06-20 16:32:15 [main] INFO  Game - Игра создана
2025-06-20 16:32:39 [main] INFO  Game - Игра началась
2025-06-20 16:32:39 [main] ERROR Player - Ошибка ввода направления героя: null
2025-06-20 16:34:35 [main] INFO  Game - Игра создана
2025-06-20 16:35:21 [main] INFO  Game - Игра началась
2025-06-20 16:35:21 [main] ERROR Player - Ошибка ввода направления героя: null
2025-06-20 16:38:53 [main] INFO  Game - Игра создана
2025-06-20 16:39:22 [main] INFO  Game - Игра началась
2025-06-20 16:39:22 [main] ERROR Player - Ошибка ввода направления героя: null
2025-06-20 16:41:43 [main] INFO  Game - Игра создана
2025-06-20 16:42:02 [main] INFO  Game - Игра началась
2025-06-20 16:42:02 [main] ERROR Player - Ошибка ввода направления героя: null
2025-06-20 16:42:02 [main] ERROR Player - Ошибка ввода направления героя: null
2025-06-20 16:44:44 [main] INFO  Game - Игра создана
2025-06-20 16:44:57 [main] INFO  Game - Игра началась
2025-06-20 16:44:57 [main] ERROR Player - Ошибка ввода направления героя: null
2025-06-20 16:44:57 [main] ERROR Player - Ошибка ввода направления героя: null
2025-06-20 16:56:49 [main] INFO  Game - Игра создана
2025-06-20 16:57:07 [main] INFO  Game - Игра началась
2025-06-20 16:57:07 [main] ERROR Player - Ошибка ввода направления героя: null
2025-06-20 16:57:07 [main] ERROR Player - Ошибка ввода направления героя: null
2025-06-20 16:58:22 [main] INFO  Game - Игра создана
2025-06-20 16:58:51 [main] INFO  Game - Игра началась
2025-06-20 16:59:40 [main] INFO  Game - Игра создана
2025-06-20 16:59:59 [main] INFO  Game - Игра началась
2025-06-20 17:01:16 [main] WARN  Player - Попытка выхода за границы карты x:-1 y:-1
2025-06-20 17:01:17 [main] WARN  Player - Попытка выхода за границы карты x:-1 y:-1
2025-06-20 17:01:34 [main] INFO  Game - Игра сохранена под именем: test2
2025-06-20 17:02:11 [main] INFO  Game - Сохранение игры отменено
2025-06-20 17:11:37 [main] INFO  Game - Игра создана
2025-06-20 17:11:46 [main] INFO  Game - Сохранение карты отменено
2025-06-20 17:11:46 [main] INFO  Game - Игра началась
2025-06-20 17:11:56 [main] INFO  Game - Игра создана
2025-06-20 17:12:08 [main] INFO  Game - Карта сохранена под именем: fstsave
2025-06-20 17:12:08 [main] INFO  Game - Игра началась
